================================================================
Program: CD-HIT, V4.8.1, Mar 03 2021, 18:19:52
Command:
         /Users/alorenzetti/CompiledPrograms/cdhit-4.8.1/cd-hit
         -i data/stableRNAs.fa -o data/stableRNAs/cdhitOut.fa
         -c 0.99 -M 1000 -T 8 -sc 1

Started: Wed Mar  3 18:23:30 2021
================================================================
                            Output                              
----------------------------------------------------------------
Option -T is ignored: multi-threading with OpenMP is NOT enabled!
total seq: 104
longest and shortest : 2914 and 71
Total letters: 17906
Sequences have been sorted

Approximated minimal memory consumption:
Sequence        : 0M
Buffer          : 1 X 11M = 11M
Table           : 1 X 65M = 65M
Miscellaneous   : 0M
Total           : 76M

Table limit with the given memory limit:
Max number of representatives: 1952806
Max number of word counting entries: 115438676

comparing sequences from          0  to        104

      104  finished         52  clusters

Approximated maximum memory consumption: 76M
writing new database
writing clustering information
program completed !

Total CPU time 0.07
